c:\users\xavi\documents\visual studio 2013\projects\superluigibike1\superluigibike1\debug\vc120.pdb
c:\users\xavi\documents\visual studio 2013\projects\superluigibike1\superluigibike1\debug\vc120.idb
c:\users\xavi\documents\visual studio 2013\projects\superluigibike1\superluigibike1\debug\bike.obj
c:\users\xavi\documents\visual studio 2013\projects\superluigibike1\superluigibike1\debug\car.obj
c:\users\xavi\documents\visual studio 2013\projects\superluigibike1\superluigibike1\debug\driver.obj
c:\users\xavi\documents\visual studio 2013\projects\superluigibike1\superluigibike1\debug\main.obj
c:\users\xavi\documents\visual studio 2013\projects\superluigibike1\superluigibike1\debug\tank.obj
c:\users\xavi\documents\visual studio 2013\projects\superluigibike1\superluigibike1\debug\superluigibike.obj
f:\superluigibike1\superluigibike1\debug\vc120.pdb
f:\superluigibike1\superluigibike1\debug\vc120.idb
f:\superluigibike1\superluigibike1\debug\bike.obj
f:\superluigibike1\superluigibike1\debug\car.obj
f:\superluigibike1\superluigibike1\debug\driver.obj
f:\superluigibike1\superluigibike1\debug\superluigibike.obj
f:\superluigibike1\superluigibike1\debug\tank.obj
c:\users\xavi\documents\visual studio 2013\projects\superluigibike1\debug\superluigibike1.ilk
c:\users\xavi\documents\visual studio 2013\projects\superluigibike1\debug\superluigibike1.exe
c:\users\xavi\documents\visual studio 2013\projects\superluigibike1\debug\superluigibike1.pdb
f:\superluigibike1\debug\superluigibike1.ilk
f:\superluigibike1\debug\superluigibike1.exe
f:\superluigibike1\debug\superluigibike1.pdb
f:\superluigibike1\superluigibike1\debug\main.obj
f:\superluigibike1\superluigibike1\debug\superluigibike1.tlog\cl.command.1.tlog
f:\superluigibike1\superluigibike1\debug\superluigibike1.tlog\cl.read.1.tlog
f:\superluigibike1\superluigibike1\debug\superluigibike1.tlog\cl.write.1.tlog
f:\superluigibike1\superluigibike1\debug\superluigibike1.tlog\link.command.1.tlog
f:\superluigibike1\superluigibike1\debug\superluigibike1.tlog\link.read.1.tlog
f:\superluigibike1\superluigibike1\debug\superluigibike1.tlog\link.write.1.tlog
