Compilación iniciada a las 31/01/2015 11:18:30.
     1>Proyecto "G:\SuperLuigiBike1\SuperLuigiBike1\SuperLuigiBike1.vcxproj" en el nodo 2 (Build destinos).
     1>ClCompile:
         C:\Program Files (x86)\Microsoft Visual Studio 12.0\VC\bin\CL.exe /c /ZI /nologo /W3 /WX- /sdl /Od /Oy- /D WIN32 /D _DEBUG /D _CONSOLE /D _LIB /D _UNICODE /D UNICODE /Gm /EHsc /RTC1 /MDd /GS /fp:precise /Zc:wchar_t /Zc:forScope /Fo"Debug\\" /Fd"Debug\vc120.pdb" /Gd /TP /analyze- /errorReport:prompt Bike.cpp Car.cpp Driver.cpp SuperLuigiBike.cpp Tank.cpp
         Tank.cpp
         SuperLuigiBike.cpp
     1>g:\superluigibike1\superluigibike1\superluigibike.cpp(28): warning C4101: 'e' : variable local sin referencia
     1>g:\superluigibike1\superluigibike1\superluigibike.cpp(121): warning C4101: 'e' : variable local sin referencia
         Driver.cpp
         Car.cpp
         Bike.cpp
         Generando código...
       Link:
         C:\Program Files (x86)\Microsoft Visual Studio 12.0\VC\bin\link.exe /ERRORREPORT:PROMPT /OUT:"G:\SuperLuigiBike1\Debug\SuperLuigiBike1.exe" /INCREMENTAL /NOLOGO kernel32.lib user32.lib gdi32.lib winspool.lib comdlg32.lib advapi32.lib shell32.lib ole32.lib oleaut32.lib uuid.lib odbc32.lib odbccp32.lib /MANIFEST /MANIFESTUAC:"level='asInvoker' uiAccess='false'" /manifest:embed /DEBUG /PDB:"G:\SuperLuigiBike1\Debug\SuperLuigiBike1.pdb" /SUBSYSTEM:CONSOLE /TLBID:1 /DYNAMICBASE /NXCOMPAT /IMPLIB:"G:\SuperLuigiBike1\Debug\SuperLuigiBike1.lib" /MACHINE:X86 Debug\Bike.obj
         Debug\Car.obj
         Debug\Driver.obj
         Debug\SuperLuigiBike.obj
         Debug\Tank.obj
         SuperLuigiBike1.vcxproj -> G:\SuperLuigiBike1\Debug\SuperLuigiBike1.exe
     1>Compilación del proyecto terminada "G:\SuperLuigiBike1\SuperLuigiBike1\SuperLuigiBike1.vcxproj" (Build destinos).

Compilación correcta.

Tiempo transcurrido 00:00:05.27
