c:\users\xfiguerola\documents\visual studio 2013\projects\consoleapplication2\consoleapplication2\debug\vc120.pdb
c:\users\xfiguerola\documents\visual studio 2013\projects\consoleapplication2\consoleapplication2\debug\vc120.idb
c:\users\xfiguerola\documents\visual studio 2013\projects\consoleapplication2\consoleapplication2\debug\character.obj
c:\users\xfiguerola\documents\visual studio 2013\projects\consoleapplication2\consoleapplication2\debug\enemy.obj
c:\users\xfiguerola\documents\visual studio 2013\projects\consoleapplication2\consoleapplication2\debug\fsm.obj
c:\users\xfiguerola\documents\visual studio 2013\projects\consoleapplication2\consoleapplication2\debug\gameengine.obj
c:\users\xfiguerola\documents\visual studio 2013\projects\consoleapplication2\consoleapplication2\debug\hero.obj
c:\users\xfiguerola\documents\visual studio 2013\projects\consoleapplication2\consoleapplication2\debug\map.obj
c:\users\xfiguerola\documents\visual studio 2013\projects\consoleapplication2\consoleapplication2\debug\mapenemies.obj
c:\users\xfiguerola\documents\visual studio 2013\projects\consoleapplication2\consoleapplication2\debug\mapobjects.obj
c:\users\xfiguerola\documents\visual studio 2013\projects\consoleapplication2\consoleapplication2\debug\object.obj
c:\users\xfiguerola\documents\visual studio 2013\projects\consoleapplication2\consoleapplication2\debug\ranking.obj
c:\users\xfiguerola\documents\visual studio 2013\projects\consoleapplication2\consoleapplication2\debug\sdlhelpers.obj
c:\users\xfiguerola\documents\visual studio 2013\projects\consoleapplication2\debug\consoleapplication2.ilk
c:\users\xfiguerola\documents\visual studio 2013\projects\consoleapplication2\debug\consoleapplication2.exe
c:\users\xfiguerola\documents\visual studio 2013\projects\consoleapplication2\debug\consoleapplication2.pdb
c:\users\xfiguerola\documents\visual studio 2013\projects\consoleapplication2\consoleapplication2\debug\consolea.7472a410.tlog\cl.command.1.tlog
c:\users\xfiguerola\documents\visual studio 2013\projects\consoleapplication2\consoleapplication2\debug\consolea.7472a410.tlog\cl.read.1.tlog
c:\users\xfiguerola\documents\visual studio 2013\projects\consoleapplication2\consoleapplication2\debug\consolea.7472a410.tlog\cl.write.1.tlog
c:\users\xfiguerola\documents\visual studio 2013\projects\consoleapplication2\consoleapplication2\debug\consolea.7472a410.tlog\link.command.1.tlog
c:\users\xfiguerola\documents\visual studio 2013\projects\consoleapplication2\consoleapplication2\debug\consolea.7472a410.tlog\link.read.1.tlog
c:\users\xfiguerola\documents\visual studio 2013\projects\consoleapplication2\consoleapplication2\debug\consolea.7472a410.tlog\link.write.1.tlog
