Build started 22/02/2015 15:19:02.
     1>Project "F:\OpenGL\ColoringPrimitives\ColoringPrimitives.vcxproj" on node 2 (Build target(s)).
     1>ClCompile:
         C:\Program Files (x86)\Microsoft Visual Studio 12.0\VC\bin\CL.exe /c /ZI /nologo /W3 /WX- /sdl /Od /Oy- /D WIN32 /D _DEBUG /D _CONSOLE /D _LIB /D _UNICODE /D UNICODE /Gm /EHsc /RTC1 /MDd /GS /fp:precise /Zc:wchar_t /Zc:forScope /Fo"Debug\\" /Fd"Debug\vc120.pdb" /Gd /TP /analyze- /errorReport:prompt ErrorManagement.cpp "Ex4-Main.cpp" FPSLimiter.cpp Game.cpp GLSLProgram.cpp OpenGLBuffers.cpp Window.cpp
         Window.cpp
         OpenGLBuffers.cpp
         GLSLProgram.cpp
         Game.cpp
         FPSLimiter.cpp
         Ex4-Main.cpp
         ErrorManagement.cpp
         Generating Code...
       Link:
         C:\Program Files (x86)\Microsoft Visual Studio 12.0\VC\bin\link.exe /ERRORREPORT:PROMPT /OUT:"F:\OpenGL\Debug\ColoringPrimitives.exe" /INCREMENTAL /NOLOGO sdl2.lib sdl2main.lib opengl32.lib glew32.lib kernel32.lib user32.lib gdi32.lib winspool.lib comdlg32.lib advapi32.lib shell32.lib ole32.lib oleaut32.lib uuid.lib odbc32.lib odbccp32.lib /MANIFEST /MANIFESTUAC:"level='asInvoker' uiAccess='false'" /manifest:embed /DEBUG /PDB:"F:\OpenGL\Debug\ColoringPrimitives.pdb" /SUBSYSTEM:CONSOLE /TLBID:1 /DYNAMICBASE /NXCOMPAT /IMPLIB:"F:\OpenGL\Debug\ColoringPrimitives.lib" /MACHINE:X86 Debug\ErrorManagement.obj
         "Debug\Ex4-Main.obj"
         Debug\FPSLimiter.obj
         Debug\Game.obj
         Debug\GLSLProgram.obj
         Debug\OpenGLBuffers.obj
         Debug\Window.obj
     1>MSVCRTD.lib(cinitexe.obj) : warning LNK4098: defaultlib 'msvcrt.lib' conflicts with use of other libs; use /NODEFAULTLIB:library
         ColoringPrimitives.vcxproj -> F:\OpenGL\Debug\ColoringPrimitives.exe
     1>Done Building Project "F:\OpenGL\ColoringPrimitives\ColoringPrimitives.vcxproj" (Build target(s)).

Build succeeded.

Time Elapsed 00:00:41.26
