c:\users\xfiguerola\documents\visual studio 2013\projects\coloringprimitives\coloringprimitives\debug\vc120.pdb
c:\users\xfiguerola\documents\visual studio 2013\projects\coloringprimitives\coloringprimitives\debug\vc120.idb
c:\users\xfiguerola\documents\visual studio 2013\projects\coloringprimitives\coloringprimitives\debug\errormanagement.obj
c:\users\xfiguerola\documents\visual studio 2013\projects\coloringprimitives\coloringprimitives\debug\ex4-main.obj
c:\users\xfiguerola\documents\visual studio 2013\projects\coloringprimitives\coloringprimitives\debug\fpslimiter.obj
c:\users\xfiguerola\documents\visual studio 2013\projects\coloringprimitives\coloringprimitives\debug\glslprogram.obj
c:\users\xfiguerola\documents\visual studio 2013\projects\coloringprimitives\coloringprimitives\debug\game.obj
c:\users\xfiguerola\documents\visual studio 2013\projects\coloringprimitives\coloringprimitives\debug\openglbuffers.obj
c:\users\xfiguerola\documents\visual studio 2013\projects\coloringprimitives\coloringprimitives\debug\window.obj
c:\users\xfiguerola\documents\visual studio 2013\projects\opengl\coloringprimitives\debug\vc120.pdb
c:\users\xfiguerola\documents\visual studio 2013\projects\opengl\coloringprimitives\debug\vc120.idb
c:\users\xfiguerola\documents\visual studio 2013\projects\opengl\coloringprimitives\debug\errormanagement.obj
c:\users\xfiguerola\documents\visual studio 2013\projects\opengl\coloringprimitives\debug\ex4-main.obj
c:\users\xfiguerola\documents\visual studio 2013\projects\opengl\coloringprimitives\debug\fpslimiter.obj
c:\users\xfiguerola\documents\visual studio 2013\projects\opengl\coloringprimitives\debug\game.obj
c:\users\xfiguerola\documents\visual studio 2013\projects\opengl\coloringprimitives\debug\glslprogram.obj
c:\users\xfiguerola\documents\visual studio 2013\projects\opengl\coloringprimitives\debug\openglbuffers.obj
c:\users\xfiguerola\documents\visual studio 2013\projects\opengl\coloringprimitives\debug\window.obj
c:\users\xfiguerola\documents\visual studio 2013\projects\coloringprimitives\debug\coloringprimitives.ilk
c:\users\xfiguerola\documents\visual studio 2013\projects\coloringprimitives\debug\coloringprimitives.exe
c:\users\xfiguerola\documents\visual studio 2013\projects\coloringprimitives\debug\coloringprimitives.pdb
c:\users\xfiguerola\documents\visual studio 2013\projects\opengl\debug\coloringprimitives.ilk
c:\users\xfiguerola\documents\visual studio 2013\projects\opengl\debug\coloringprimitives.exe
c:\users\xfiguerola\documents\visual studio 2013\projects\opengl\debug\coloringprimitives.pdb
c:\users\xfiguerola\documents\visual studio 2013\projects\opengl\coloringprimitives\debug\coloring.e381ada1.tlog\cl.command.1.tlog
c:\users\xfiguerola\documents\visual studio 2013\projects\opengl\coloringprimitives\debug\coloring.e381ada1.tlog\cl.read.1.tlog
c:\users\xfiguerola\documents\visual studio 2013\projects\opengl\coloringprimitives\debug\coloring.e381ada1.tlog\cl.write.1.tlog
c:\users\xfiguerola\documents\visual studio 2013\projects\opengl\coloringprimitives\debug\coloring.e381ada1.tlog\link.command.1.tlog
c:\users\xfiguerola\documents\visual studio 2013\projects\opengl\coloringprimitives\debug\coloring.e381ada1.tlog\link.read.1.tlog
c:\users\xfiguerola\documents\visual studio 2013\projects\opengl\coloringprimitives\debug\coloring.e381ada1.tlog\link.write.1.tlog
