Build started 22/02/2015 17:14:54.
     1>Project "F:\Geometry\Geometry\Geometry.vcxproj" on node 2 (Build target(s)).
     1>ClCompile:
         C:\Program Files (x86)\Microsoft Visual Studio 12.0\VC\bin\CL.exe /c /ZI /nologo /W3 /WX- /sdl /Od /Oy- /D WIN32 /D _DEBUG /D _CONSOLE /D _LIB /D _UNICODE /D UNICODE /Gm /EHsc /RTC1 /MDd /GS /fp:precise /Zc:wchar_t /Zc:forScope /Fo"Debug\\" /Fd"Debug\vc120.pdb" /Gd /TP /analyze- /errorReport:prompt Main.cpp
         Main.cpp
     1>f:\geometry\geometry\main.cpp(29): warning C4244: '=' : conversion from 'double' to 'float', possible loss of data
     1>f:\geometry\geometry\main.cpp(33): warning C4244: 'argument' : conversion from 'double' to 'float', possible loss of data
     1>f:\geometry\geometry\main.cpp(34): warning C4244: 'argument' : conversion from 'double' to 'float', possible loss of data
     1>f:\geometry\geometry\main.cpp(35): warning C4244: 'argument' : conversion from 'double' to 'float', possible loss of data
     1>f:\geometry\geometry\main.cpp(43): warning C4244: 'argument' : conversion from 'double' to 'float', possible loss of data
     1>f:\geometry\geometry\main.cpp(44): warning C4244: 'argument' : conversion from 'double' to 'float', possible loss of data
     1>f:\geometry\geometry\main.cpp(45): warning C4244: 'argument' : conversion from 'double' to 'float', possible loss of data
       Link:
         C:\Program Files (x86)\Microsoft Visual Studio 12.0\VC\bin\link.exe /ERRORREPORT:PROMPT /OUT:"F:\Geometry\Debug\Geometry.exe" /INCREMENTAL /NOLOGO kernel32.lib user32.lib gdi32.lib winspool.lib comdlg32.lib advapi32.lib shell32.lib ole32.lib oleaut32.lib uuid.lib odbc32.lib odbccp32.lib /MANIFEST /MANIFESTUAC:"level='asInvoker' uiAccess='false'" /manifest:embed /DEBUG /PDB:"F:\Geometry\Debug\Geometry.pdb" /SUBSYSTEM:CONSOLE /TLBID:1 /DYNAMICBASE /NXCOMPAT /IMPLIB:"F:\Geometry\Debug\Geometry.lib" /MACHINE:X86 Debug\Line.obj
         Debug\Main.obj
         Debug\Plane.obj
         Debug\Point.obj
         Debug\Sphere.obj
         Debug\Triangle.obj
         Geometry.vcxproj -> F:\Geometry\Debug\Geometry.exe
     1>Done Building Project "F:\Geometry\Geometry\Geometry.vcxproj" (Build target(s)).

Build succeeded.

Time Elapsed 00:00:09.73
