Compilación iniciada a las 17/02/2015 13:19:20.
     1>Proyecto "D:\OpenGL\DynamicColorPrimitives\DynamicColorPrimitives.vcxproj" en el nodo 3 (Build destinos).
     1>ClCompile:
         C:\Program Files (x86)\Microsoft Visual Studio 12.0\VC\bin\CL.exe /c /ZI /nologo /W3 /WX- /sdl /Od /Oy- /D WIN32 /D _DEBUG /D _CONSOLE /D _LIB /D _UNICODE /D UNICODE /Gm /EHsc /RTC1 /MDd /GS /fp:precise /Zc:wchar_t /Zc:forScope /Fo"Debug\\" /Fd"Debug\vc120.pdb" /Gd /TP /analyze- /errorReport:prompt ErrorManagement.cpp "Ex5-Main.cpp" FPSLimiter.cpp Game.cpp GLSLProgram.cpp OpenGLBuffers.cpp Window.cpp
         Window.cpp
         OpenGLBuffers.cpp
         GLSLProgram.cpp
         Game.cpp
         FPSLimiter.cpp
         Ex5-Main.cpp
         ErrorManagement.cpp
         Generando código...
       Link:
         C:\Program Files (x86)\Microsoft Visual Studio 12.0\VC\bin\link.exe /ERRORREPORT:PROMPT /OUT:"D:\OpenGL\Debug\DynamicColorPrimitives.exe" /INCREMENTAL /NOLOGO sdl2.lib sdl2main.lib opengl32.lib glew32.lib kernel32.lib user32.lib gdi32.lib winspool.lib comdlg32.lib advapi32.lib shell32.lib ole32.lib oleaut32.lib uuid.lib odbc32.lib odbccp32.lib /MANIFEST /MANIFESTUAC:"level='asInvoker' uiAccess='false'" /manifest:embed /DEBUG /PDB:"D:\OpenGL\Debug\DynamicColorPrimitives.pdb" /SUBSYSTEM:CONSOLE /TLBID:1 /DYNAMICBASE /NXCOMPAT /IMPLIB:"D:\OpenGL\Debug\DynamicColorPrimitives.lib" /MACHINE:X86 Debug\ErrorManagement.obj
         "Debug\Ex5-Main.obj"
         Debug\FPSLimiter.obj
         Debug\Game.obj
         Debug\GLSLProgram.obj
         Debug\OpenGLBuffers.obj
         Debug\Window.obj
         LINK : no se encontró D:\OpenGL\Debug\DynamicColorPrimitives.exe o no lo generó el último vínculo incremental; ejecutando vínculo completo
     1>MSVCRTD.lib(cinitexe.obj) : warning LNK4098: la biblioteca predeterminada'msvcrt.lib' entra en conflicto con otras bibliotecas; use la biblioteca /NODEFAULTLIB:biblioteca
         DynamicColorPrimitives.vcxproj -> D:\OpenGL\Debug\DynamicColorPrimitives.exe
     1>Compilación del proyecto terminada "D:\OpenGL\DynamicColorPrimitives\DynamicColorPrimitives.vcxproj" (Build destinos).

Compilación correcta.

Tiempo transcurrido 00:00:27.46
